<?xml version="1.0" encoding="UTF-8"?>
<testsuite name="com.designToCode.infra.ContextBuilderTest" tests="8" skipped="0" failures="0" errors="0" timestamp="2026-05-21T21:54:58" hostname="sysoutMac.local" time="0.043">
  <properties/>
  <testcase name="should detect Spring Boot with PostgreSQL()" classname="com.designToCode.infra.ContextBuilderTest" time="0.031"/>
  <testcase name="should detect PostgreSQL database()" classname="com.designToCode.infra.ContextBuilderTest" time="0.001"/>
  <testcase name="should detect Quarkus project()" classname="com.designToCode.infra.ContextBuilderTest" time="0.002"/>
  <testcase name="should detect Spring Boot project()" classname="com.designToCode.infra.ContextBuilderTest" time="0.001"/>
  <testcase name="should detect Quarkus with MongoDB()" classname="com.designToCode.infra.ContextBuilderTest" time="0.001"/>
  <testcase name="should detect MongoDB database()" classname="com.designToCode.infra.ContextBuilderTest" time="0.001"/>
  <testcase name="should handle missing build file()" classname="com.designToCode.infra.ContextBuilderTest" time="0.001"/>
  <testcase name="should handle unknown stack()" classname="com.designToCode.infra.ContextBuilderTest" time="0.001"/>
  <system-out><![CDATA[]]></system-out>
  <system-err><![CDATA[]]></system-err>
</testsuite>
